<?xml version="1.0" encoding="UTF-8"?>
<!-- Generated by org.testng.reporters.JUnitReportReporter -->
<testsuite skipped="0" hostname="ArchanaVeeru-PC" name="selenium.AddedListener" tests="2" failures="0" timestamp="23 May 2020 22:51:38 GMT" time="78.938" errors="0">
  <testcase name="logoTest" time="11.317" classname="selenium.AddedListener"/>
  <testcase name="titleTest" time="67.621" classname="selenium.AddedListener"/>
</testsuite> <!-- selenium.AddedListener -->
