<?xml version="1.0" encoding="UTF-8"?>
<!-- Generated by org.testng.reporters.JUnitReportReporter -->
<testsuite skipped="1" hostname="ArchanaVeeru-PC" name="selenium.EcommerceTest" tests="2" failures="0" timestamp="27 May 2020 04:25:18 GMT" time="0.026" errors="0">
  <testcase name="logoTest" time="0.026" classname="selenium.EcommerceTest"/>
  <testcase name="titleTest" classname="selenium.EcommerceTest">
    <skipped/>
  </testcase> <!-- titleTest -->
</testsuite> <!-- selenium.EcommerceTest -->
