<?xml version="1.0" encoding="UTF-8"?>
<!-- Generated by org.testng.reporters.JUnitReportReporter -->
<testsuite skipped="0" hostname="ArchanaVeeru-PC" name="selenium.EcommerceLogin" tests="5" failures="0" timestamp="24 May 2020 03:02:07 GMT" time="147.641" errors="0">
  <testcase name="loginTest" time="68.094" classname="selenium.EcommerceLogin"/>
  <testcase name="loginTest" time="20.392" classname="selenium.EcommerceLogin"/>
  <testcase name="loginTest" time="10.345" classname="selenium.EcommerceLogin"/>
  <testcase name="loginTest" time="11.709" classname="selenium.EcommerceLogin"/>
  <testcase name="loginTest" time="37.101" classname="selenium.EcommerceLogin"/>
</testsuite> <!-- selenium.EcommerceLogin -->
