<?xml version="1.0" encoding="UTF-8"?>
<!-- Generated by org.testng.reporters.JUnitReportReporter -->
<testsuite skipped="0" hostname="ArchanaVeeru-PC" name="selenium.DatabaseTest" tests="1" failures="0" timestamp="26 May 2020 00:19:52 GMT" time="84.071" errors="0">
  <testcase name="database" time="84.071" classname="selenium.DatabaseTest"/>
</testsuite> <!-- selenium.DatabaseTest -->
