<?xml version="1.0" encoding="UTF-8"?>
<!-- Generated by org.testng.reporters.JUnitReportReporter -->
<testsuite skipped="0" hostname="ArchanaVeeru-PC" name="AddedListener" tests="2" failures="0" timestamp="23 May 2020 22:37:21 GMT" time="63.015" errors="0">
  <testcase name="logoTest" time="13.002" classname="AddedListener"/>
  <testcase name="titleTest" time="50.013" classname="AddedListener"/>
</testsuite> <!-- AddedListener -->
