<?xml version="1.0" encoding="UTF-8"?>
<!-- Generated by org.testng.reporters.JUnitReportReporter -->
<testsuite skipped="1" hostname="ArchanaVeeru-PC" name="selenium.Csv_Datatesting" tests="4" failures="0" timestamp="28 May 2020 01:04:03 GMT" time="33.561" errors="0">
  <testcase name="loginTest" time="10.402" classname="selenium.Csv_Datatesting"/>
  <testcase name="loginTest" time="12.629" classname="selenium.Csv_Datatesting"/>
  <testcase name="loginTest" time="10.530" classname="selenium.Csv_Datatesting"/>
  <testcase name="fireFox" classname="selenium.Csv_Datatesting">
    <skipped/>
  </testcase> <!-- fireFox -->
</testsuite> <!-- selenium.Csv_Datatesting -->
